c:\users\lando\documents\github\vibemechanic\vibemechanic\builds\visualstudio2019\x64\release\shared code\vibemechanic.pdb
c:\users\lando\documents\github\vibemechanic\vibemechanic\builds\visualstudio2019\x64\release\shared code\include_juce_gui_basics.obj
c:\users\lando\documents\github\vibemechanic\vibemechanic\builds\visualstudio2019\x64\release\shared code\labels.obj
c:\users\lando\documents\github\vibemechanic\vibemechanic\builds\visualstudio2019\x64\release\shared code\fulldial.obj
c:\users\lando\documents\github\vibemechanic\vibemechanic\builds\visualstudio2019\x64\release\shared code\include_juce_audio_processors.obj
c:\users\lando\documents\github\vibemechanic\vibemechanic\builds\visualstudio2019\x64\release\shared code\patreonbtn.obj
c:\users\lando\documents\github\vibemechanic\vibemechanic\builds\visualstudio2019\x64\release\shared code\include_juce_audio_plugin_client_utils.obj
c:\users\lando\documents\github\vibemechanic\vibemechanic\builds\visualstudio2019\x64\release\shared code\buttons.obj
c:\users\lando\documents\github\vibemechanic\vibemechanic\builds\visualstudio2019\x64\release\shared code\binarydata2.obj
c:\users\lando\documents\github\vibemechanic\vibemechanic\builds\visualstudio2019\x64\release\shared code\panellaf.obj
c:\users\lando\documents\github\vibemechanic\vibemechanic\builds\visualstudio2019\x64\release\shared code\include_juce_audio_utils.obj
c:\users\lando\documents\github\vibemechanic\vibemechanic\builds\visualstudio2019\x64\release\shared code\menus.obj
c:\users\lando\documents\github\vibemechanic\vibemechanic\builds\visualstudio2019\x64\release\shared code\include_juce_core.obj
c:\users\lando\documents\github\vibemechanic\vibemechanic\builds\visualstudio2019\x64\release\shared code\sliderprops.obj
c:\users\lando\documents\github\vibemechanic\vibemechanic\builds\visualstudio2019\x64\release\shared code\include_juce_events.obj
c:\users\lando\documents\github\vibemechanic\vibemechanic\builds\visualstudio2019\x64\release\shared code\groups.obj
c:\users\lando\documents\github\vibemechanic\vibemechanic\builds\visualstudio2019\x64\release\shared code\include_juce_dsp.obj
c:\users\lando\documents\github\vibemechanic\vibemechanic\builds\visualstudio2019\x64\release\shared code\buttonprops.obj
c:\users\lando\documents\github\vibemechanic\vibemechanic\builds\visualstudio2019\x64\release\shared code\include_juce_audio_devices.obj
c:\users\lando\documents\github\vibemechanic\vibemechanic\builds\visualstudio2019\x64\release\shared code\thememenu.obj
c:\users\lando\documents\github\vibemechanic\vibemechanic\builds\visualstudio2019\x64\release\shared code\pluginprocessor.obj
c:\users\lando\documents\github\vibemechanic\vibemechanic\builds\visualstudio2019\x64\release\shared code\discordbtn.obj
c:\users\lando\documents\github\vibemechanic\vibemechanic\builds\visualstudio2019\x64\release\shared code\ui-savewindow.obj
c:\users\lando\documents\github\vibemechanic\vibemechanic\builds\visualstudio2019\x64\release\shared code\glowslider.obj
c:\users\lando\documents\github\vibemechanic\vibemechanic\builds\visualstudio2019\x64\release\shared code\include_juce_data_structures.obj
c:\users\lando\documents\github\vibemechanic\vibemechanic\builds\visualstudio2019\x64\release\shared code\binarydata4.obj
c:\users\lando\documents\github\vibemechanic\vibemechanic\builds\visualstudio2019\x64\release\shared code\settingspage.obj
c:\users\lando\documents\github\vibemechanic\vibemechanic\builds\visualstudio2019\x64\release\shared code\binarydata.obj
c:\users\lando\documents\github\vibemechanic\vibemechanic\builds\visualstudio2019\x64\release\shared code\ui-constructor.obj
c:\users\lando\documents\github\vibemechanic\vibemechanic\builds\visualstudio2019\x64\release\shared code\include_viator_modules.obj
c:\users\lando\documents\github\vibemechanic\vibemechanic\builds\visualstudio2019\x64\release\shared code\menulaf.obj
c:\users\lando\documents\github\vibemechanic\vibemechanic\builds\visualstudio2019\x64\release\shared code\binarydata3.obj
c:\users\lando\documents\github\vibemechanic\vibemechanic\builds\visualstudio2019\x64\release\shared code\plugineditor.obj
c:\users\lando\documents\github\vibemechanic\vibemechanic\builds\visualstudio2019\x64\release\shared code\glowbuttonprops.obj
c:\users\lando\documents\github\vibemechanic\vibemechanic\builds\visualstudio2019\x64\release\shared code\ui-paint.obj
c:\users\lando\documents\github\vibemechanic\vibemechanic\builds\visualstudio2019\x64\release\shared code\groupprops.obj
c:\users\lando\documents\github\vibemechanic\vibemechanic\builds\visualstudio2019\x64\release\shared code\globals.obj
c:\users\lando\documents\github\vibemechanic\vibemechanic\builds\visualstudio2019\x64\release\shared code\panels.obj
c:\users\lando\documents\github\vibemechanic\vibemechanic\builds\visualstudio2019\x64\release\shared code\include_juce_graphics.obj
c:\users\lando\documents\github\vibemechanic\vibemechanic\builds\visualstudio2019\x64\release\shared code\ui-initwindow.obj
c:\users\lando\documents\github\vibemechanic\vibemechanic\builds\visualstudio2019\x64\release\shared code\include_juce_gui_extra.obj
c:\users\lando\documents\github\vibemechanic\vibemechanic\builds\visualstudio2019\x64\release\shared code\themes.obj
c:\users\lando\documents\github\vibemechanic\vibemechanic\builds\visualstudio2019\x64\release\shared code\include_juce_audio_formats.obj
c:\users\lando\documents\github\vibemechanic\vibemechanic\builds\visualstudio2019\x64\release\shared code\gradienttoggle.obj
c:\users\lando\documents\github\vibemechanic\vibemechanic\builds\visualstudio2019\x64\release\shared code\ui-resized.obj
c:\users\lando\documents\github\vibemechanic\vibemechanic\builds\visualstudio2019\x64\release\shared code\twitchbtn.obj
c:\users\lando\documents\github\vibemechanic\vibemechanic\builds\visualstudio2019\x64\release\shared code\include_juce_audio_basics.obj
c:\users\lando\documents\github\vibemechanic\vibemechanic\builds\visualstudio2019\x64\release\shared code\vibemechanic.lib
c:\users\lando\documents\github\vibemechanic\vibemechanic\builds\visualstudio2019\x64\release\shared code\vibemech.dfefebf2.tlog\cl.command.1.tlog
c:\users\lando\documents\github\vibemechanic\vibemechanic\builds\visualstudio2019\x64\release\shared code\vibemech.dfefebf2.tlog\cl.read.1.tlog
c:\users\lando\documents\github\vibemechanic\vibemechanic\builds\visualstudio2019\x64\release\shared code\vibemech.dfefebf2.tlog\cl.write.1.tlog
c:\users\lando\documents\github\vibemechanic\vibemechanic\builds\visualstudio2019\x64\release\shared code\vibemech.dfefebf2.tlog\lib-link.read.1.tlog
c:\users\lando\documents\github\vibemechanic\vibemechanic\builds\visualstudio2019\x64\release\shared code\vibemech.dfefebf2.tlog\lib-link.write.1.tlog
c:\users\lando\documents\github\vibemechanic\vibemechanic\builds\visualstudio2019\x64\release\shared code\vibemech.dfefebf2.tlog\lib.command.1.tlog
